[90m7:17AM[0m [32mINF[0m 1 commits scanned.
[90m7:17AM[0m [32mINF[0m scan completed in 63.4ms
[90m7:17AM[0m [32mINF[0m no leaks found
[90m4:17PM[0m [32mINF[0m 0 commits scanned.
[90m4:17PM[0m [32mINF[0m scan completed in 149ms
[90m4:17PM[0m [32mINF[0m no leaks found
[90m5:17PM[0m [32mINF[0m 1 commits scanned.
[90m5:17PM[0m [32mINF[0m scan completed in 65.6ms
[90m5:17PM[0m [32mINF[0m no leaks found
[90m6:17PM[0m [32mINF[0m 1 commits scanned.
[90m6:17PM[0m [32mINF[0m scan completed in 85.8ms
[90m6:17PM[0m [32mINF[0m no leaks found
[90m7:17PM[0m [32mINF[0m 1 commits scanned.
[90m7:17PM[0m [32mINF[0m scan completed in 104ms
[90m7:17PM[0m [32mINF[0m no leaks found
[90m8:17PM[0m [32mINF[0m 1 commits scanned.
[90m8:17PM[0m [32mINF[0m scan completed in 56ms
[90m8:17PM[0m [32mINF[0m no leaks found
[90m9:17PM[0m [32mINF[0m 1 commits scanned.
[90m9:17PM[0m [32mINF[0m scan completed in 50.3ms
[90m9:17PM[0m [32mINF[0m no leaks found
[90m10:17PM[0m [32mINF[0m 1 commits scanned.
[90m10:17PM[0m [32mINF[0m scan completed in 76.8ms
[90m10:17PM[0m [32mINF[0m no leaks found
[90m11:17PM[0m [32mINF[0m 1 commits scanned.
[90m11:17PM[0m [32mINF[0m scan completed in 48.7ms
[90m11:17PM[0m [32mINF[0m no leaks found
[90m12:17AM[0m [32mINF[0m 1 commits scanned.
[90m12:17AM[0m [32mINF[0m scan completed in 46.5ms
[90m12:17AM[0m [32mINF[0m no leaks found
[90m1:17AM[0m [32mINF[0m 1 commits scanned.
[90m1:17AM[0m [32mINF[0m scan completed in 104ms
[90m1:17AM[0m [32mINF[0m no leaks found
[90m2:17AM[0m [32mINF[0m 1 commits scanned.
[90m2:17AM[0m [32mINF[0m scan completed in 35.3ms
[90m2:17AM[0m [32mINF[0m no leaks found
[90m3:17AM[0m [32mINF[0m 1 commits scanned.
[90m3:17AM[0m [32mINF[0m scan completed in 34.4ms
[90m3:17AM[0m [32mINF[0m no leaks found
[90m4:17AM[0m [32mINF[0m 1 commits scanned.
[90m4:17AM[0m [32mINF[0m scan completed in 35.7ms
[90m4:17AM[0m [32mINF[0m no leaks found
[90m5:17AM[0m [32mINF[0m 1 commits scanned.
[90m5:17AM[0m [32mINF[0m scan completed in 35.8ms
[90m5:17AM[0m [32mINF[0m no leaks found
[90m6:17AM[0m [32mINF[0m 1 commits scanned.
[90m6:17AM[0m [32mINF[0m scan completed in 76.1ms
[90m6:17AM[0m [32mINF[0m no leaks found
[90m7:17AM[0m [32mINF[0m 1 commits scanned.
[90m7:17AM[0m [32mINF[0m scan completed in 36.4ms
[90m7:17AM[0m [32mINF[0m no leaks found
[90m8:17AM[0m [32mINF[0m 1 commits scanned.
[90m8:17AM[0m [32mINF[0m scan completed in 34.6ms
[90m8:17AM[0m [32mINF[0m no leaks found
[90m9:17AM[0m [32mINF[0m 1 commits scanned.
[90m9:17AM[0m [32mINF[0m scan completed in 33.9ms
[90m9:17AM[0m [32mINF[0m no leaks found
[90m10:17AM[0m [32mINF[0m 1 commits scanned.
[90m10:17AM[0m [32mINF[0m scan completed in 45.5ms
[90m10:17AM[0m [32mINF[0m no leaks found
[90m11:17AM[0m [32mINF[0m 1 commits scanned.
[90m11:17AM[0m [32mINF[0m scan completed in 55.9ms
[90m11:17AM[0m [32mINF[0m no leaks found
[90m12:17PM[0m [32mINF[0m 1 commits scanned.
[90m12:17PM[0m [32mINF[0m scan completed in 47.3ms
[90m12:17PM[0m [32mINF[0m no leaks found
[90m1:17PM[0m [32mINF[0m 1 commits scanned.
[90m1:17PM[0m [32mINF[0m scan completed in 42.7ms
[90m1:17PM[0m [32mINF[0m no leaks found
[90m2:17PM[0m [32mINF[0m 1 commits scanned.
[90m2:17PM[0m [32mINF[0m scan completed in 36.2ms
[90m2:17PM[0m [32mINF[0m no leaks found
[90m3:17PM[0m [32mINF[0m 1 commits scanned.
[90m3:17PM[0m [32mINF[0m scan completed in 39.1ms
[90m3:17PM[0m [32mINF[0m no leaks found
[90m4:17PM[0m [32mINF[0m 1 commits scanned.
[90m4:17PM[0m [32mINF[0m scan completed in 36ms
[90m4:17PM[0m [32mINF[0m no leaks found
[90m5:17PM[0m [32mINF[0m 1 commits scanned.
[90m5:17PM[0m [32mINF[0m scan completed in 34.3ms
[90m5:17PM[0m [32mINF[0m no leaks found
[90m6:17PM[0m [32mINF[0m 1 commits scanned.
[90m6:17PM[0m [32mINF[0m scan completed in 36.1ms
[90m6:17PM[0m [32mINF[0m no leaks found
[90m7:17PM[0m [32mINF[0m 1 commits scanned.
[90m7:17PM[0m [32mINF[0m scan completed in 39.8ms
[90m7:17PM[0m [32mINF[0m no leaks found
[90m8:17PM[0m [32mINF[0m 1 commits scanned.
[90m8:17PM[0m [32mINF[0m scan completed in 35.6ms
[90m8:17PM[0m [32mINF[0m no leaks found
[90m9:17PM[0m [32mINF[0m 1 commits scanned.
[90m9:17PM[0m [32mINF[0m scan completed in 36.8ms
[90m9:17PM[0m [32mINF[0m no leaks found
[90m10:17PM[0m [32mINF[0m 1 commits scanned.
[90m10:17PM[0m [32mINF[0m scan completed in 52.9ms
[90m10:17PM[0m [32mINF[0m no leaks found
[90m11:17PM[0m [32mINF[0m 1 commits scanned.
[90m11:17PM[0m [32mINF[0m scan completed in 35.9ms
[90m11:17PM[0m [32mINF[0m no leaks found
[90m12:17AM[0m [32mINF[0m 1 commits scanned.
[90m12:17AM[0m [32mINF[0m scan completed in 80.1ms
[90m12:17AM[0m [32mINF[0m no leaks found
[90m1:17AM[0m [32mINF[0m 1 commits scanned.
[90m1:17AM[0m [32mINF[0m scan completed in 46.8ms
[90m1:17AM[0m [32mINF[0m no leaks found
[90m2:17AM[0m [32mINF[0m 1 commits scanned.
[90m2:17AM[0m [32mINF[0m scan completed in 34.8ms
[90m2:17AM[0m [32mINF[0m no leaks found
[90m3:17AM[0m [32mINF[0m 1 commits scanned.
[90m3:17AM[0m [32mINF[0m scan completed in 34.5ms
[90m3:17AM[0m [32mINF[0m no leaks found
[90m4:17AM[0m [32mINF[0m 1 commits scanned.
[90m4:17AM[0m [32mINF[0m scan completed in 38.8ms
[90m4:17AM[0m [32mINF[0m no leaks found
[90m5:17AM[0m [32mINF[0m 1 commits scanned.
[90m5:17AM[0m [32mINF[0m scan completed in 36.1ms
[90m5:17AM[0m [32mINF[0m no leaks found
[90m6:17AM[0m [32mINF[0m 1 commits scanned.
[90m6:17AM[0m [32mINF[0m scan completed in 40.1ms
[90m6:17AM[0m [32mINF[0m no leaks found
[90m7:17AM[0m [32mINF[0m 1 commits scanned.
[90m7:17AM[0m [32mINF[0m scan completed in 34.6ms
[90m7:17AM[0m [32mINF[0m no leaks found
[90m8:17AM[0m [32mINF[0m 1 commits scanned.
[90m8:17AM[0m [32mINF[0m scan completed in 47.8ms
[90m8:17AM[0m [32mINF[0m no leaks found
[90m9:17AM[0m [32mINF[0m 1 commits scanned.
[90m9:17AM[0m [32mINF[0m scan completed in 35.3ms
[90m9:17AM[0m [32mINF[0m no leaks found
[90m10:17AM[0m [32mINF[0m 1 commits scanned.
[90m10:17AM[0m [32mINF[0m scan completed in 33.8ms
[90m10:17AM[0m [32mINF[0m no leaks found
[90m11:17AM[0m [32mINF[0m 1 commits scanned.
[90m11:17AM[0m [32mINF[0m scan completed in 34ms
[90m11:17AM[0m [32mINF[0m no leaks found
[90m12:17PM[0m [32mINF[0m 1 commits scanned.
[90m12:17PM[0m [32mINF[0m scan completed in 36.7ms
[90m12:17PM[0m [32mINF[0m no leaks found
[90m1:17PM[0m [32mINF[0m 1 commits scanned.
[90m1:17PM[0m [32mINF[0m scan completed in 34.1ms
[90m1:17PM[0m [32mINF[0m no leaks found
[90m2:17PM[0m [32mINF[0m 1 commits scanned.
[90m2:17PM[0m [32mINF[0m scan completed in 41ms
[90m2:17PM[0m [32mINF[0m no leaks found
[90m3:17PM[0m [32mINF[0m 1 commits scanned.
[90m3:17PM[0m [32mINF[0m scan completed in 45.3ms
[90m3:17PM[0m [32mINF[0m no leaks found
[90m4:17PM[0m [32mINF[0m 1 commits scanned.
[90m4:17PM[0m [32mINF[0m scan completed in 36.6ms
[90m4:17PM[0m [32mINF[0m no leaks found
[90m5:17PM[0m [32mINF[0m 1 commits scanned.
[90m5:17PM[0m [32mINF[0m scan completed in 35ms
[90m5:17PM[0m [32mINF[0m no leaks found
[90m6:17PM[0m [32mINF[0m 1 commits scanned.
[90m6:17PM[0m [32mINF[0m scan completed in 35.8ms
[90m6:17PM[0m [32mINF[0m no leaks found
[90m7:17PM[0m [32mINF[0m 1 commits scanned.
[90m7:17PM[0m [32mINF[0m scan completed in 48.8ms
[90m7:17PM[0m [32mINF[0m no leaks found
[90m8:17PM[0m [32mINF[0m 1 commits scanned.
[90m8:17PM[0m [32mINF[0m scan completed in 215ms
[90m8:17PM[0m [32mINF[0m no leaks found
[90m9:17PM[0m [32mINF[0m 1 commits scanned.
[90m9:17PM[0m [32mINF[0m scan completed in 43.3ms
[90m9:17PM[0m [32mINF[0m no leaks found
[90m10:17PM[0m [32mINF[0m 1 commits scanned.
[90m10:17PM[0m [32mINF[0m scan completed in 49.4ms
[90m10:17PM[0m [32mINF[0m no leaks found
[90m11:17PM[0m [32mINF[0m 1 commits scanned.
[90m11:17PM[0m [32mINF[0m scan completed in 52.9ms
[90m11:17PM[0m [32mINF[0m no leaks found
[90m12:17AM[0m [32mINF[0m 1 commits scanned.
[90m12:17AM[0m [32mINF[0m scan completed in 39.9ms
[90m12:17AM[0m [32mINF[0m no leaks found
[90m1:17AM[0m [32mINF[0m 1 commits scanned.
[90m1:17AM[0m [32mINF[0m scan completed in 37.4ms
[90m1:17AM[0m [32mINF[0m no leaks found
[90m2:17AM[0m [32mINF[0m 1 commits scanned.
[90m2:17AM[0m [32mINF[0m scan completed in 43.3ms
[90m2:17AM[0m [32mINF[0m no leaks found
[90m3:17AM[0m [32mINF[0m 1 commits scanned.
[90m3:17AM[0m [32mINF[0m scan completed in 48.9ms
[90m3:17AM[0m [32mINF[0m no leaks found
[90m4:17AM[0m [32mINF[0m 1 commits scanned.
[90m4:17AM[0m [32mINF[0m scan completed in 36.4ms
[90m4:17AM[0m [32mINF[0m no leaks found
[90m5:17AM[0m [32mINF[0m 1 commits scanned.
[90m5:17AM[0m [32mINF[0m scan completed in 45.1ms
[90m5:17AM[0m [32mINF[0m no leaks found
[90m6:17AM[0m [32mINF[0m 1 commits scanned.
[90m6:17AM[0m [32mINF[0m scan completed in 34.4ms
[90m6:17AM[0m [32mINF[0m no leaks found
[90m7:17AM[0m [32mINF[0m 1 commits scanned.
[90m7:17AM[0m [32mINF[0m scan completed in 36.7ms
[90m7:17AM[0m [32mINF[0m no leaks found
[90m8:17AM[0m [32mINF[0m 1 commits scanned.
[90m8:17AM[0m [32mINF[0m scan completed in 38.7ms
[90m8:17AM[0m [32mINF[0m no leaks found
[90m9:17AM[0m [32mINF[0m 1 commits scanned.
[90m9:17AM[0m [32mINF[0m scan completed in 40.9ms
[90m9:17AM[0m [32mINF[0m no leaks found
[90m10:17AM[0m [32mINF[0m 1 commits scanned.
[90m10:17AM[0m [32mINF[0m scan completed in 60.3ms
[90m10:17AM[0m [32mINF[0m no leaks found
[90m11:17AM[0m [32mINF[0m 1 commits scanned.
[90m11:17AM[0m [32mINF[0m scan completed in 63.2ms
[90m11:17AM[0m [32mINF[0m no leaks found
[90m12:17PM[0m [32mINF[0m 1 commits scanned.
[90m12:17PM[0m [32mINF[0m scan completed in 73.4ms
[90m12:17PM[0m [32mINF[0m no leaks found
[90m1:17PM[0m [32mINF[0m 1 commits scanned.
[90m1:17PM[0m [32mINF[0m scan completed in 38.3ms
[90m1:17PM[0m [32mINF[0m no leaks found
[90m2:17PM[0m [32mINF[0m 1 commits scanned.
[90m2:17PM[0m [32mINF[0m scan completed in 37.4ms
[90m2:17PM[0m [32mINF[0m no leaks found
[90m3:17PM[0m [32mINF[0m 1 commits scanned.
[90m3:17PM[0m [32mINF[0m scan completed in 35.7ms
[90m3:17PM[0m [32mINF[0m no leaks found
[90m4:17PM[0m [32mINF[0m 1 commits scanned.
[90m4:17PM[0m [32mINF[0m scan completed in 40.2ms
[90m4:17PM[0m [32mINF[0m no leaks found
[90m5:17PM[0m [32mINF[0m 1 commits scanned.
[90m5:17PM[0m [32mINF[0m scan completed in 34.5ms
[90m5:17PM[0m [32mINF[0m no leaks found
[90m6:17PM[0m [32mINF[0m 1 commits scanned.
[90m6:17PM[0m [32mINF[0m scan completed in 35.7ms
[90m6:17PM[0m [32mINF[0m no leaks found
[90m7:17PM[0m [32mINF[0m 1 commits scanned.
[90m7:17PM[0m [32mINF[0m scan completed in 35ms
[90m7:17PM[0m [32mINF[0m no leaks found
[90m8:17PM[0m [32mINF[0m 1 commits scanned.
[90m8:17PM[0m [32mINF[0m scan completed in 34.2ms
[90m8:17PM[0m [32mINF[0m no leaks found
[90m9:17PM[0m [32mINF[0m 1 commits scanned.
[90m9:17PM[0m [32mINF[0m scan completed in 56.7ms
[90m9:17PM[0m [32mINF[0m no leaks found
[90m10:17PM[0m [32mINF[0m 1 commits scanned.
[90m10:17PM[0m [32mINF[0m scan completed in 34.9ms
[90m10:17PM[0m [32mINF[0m no leaks found
[90m11:17PM[0m [32mINF[0m 1 commits scanned.
[90m11:17PM[0m [32mINF[0m scan completed in 111ms
[90m11:17PM[0m [32mINF[0m no leaks found
[90m12:17AM[0m [32mINF[0m 1 commits scanned.
[90m12:17AM[0m [32mINF[0m scan completed in 45.1ms
[90m12:17AM[0m [32mINF[0m no leaks found
[90m1:17AM[0m [32mINF[0m 1 commits scanned.
[90m1:17AM[0m [32mINF[0m scan completed in 34.2ms
[90m1:17AM[0m [32mINF[0m no leaks found
[90m2:17AM[0m [32mINF[0m 1 commits scanned.
[90m2:17AM[0m [32mINF[0m scan completed in 35.4ms
[90m2:17AM[0m [32mINF[0m no leaks found
[90m3:17AM[0m [32mINF[0m 1 commits scanned.
[90m3:17AM[0m [32mINF[0m scan completed in 68.9ms
[90m3:17AM[0m [32mINF[0m no leaks found
[90m4:17AM[0m [32mINF[0m 1 commits scanned.
[90m4:17AM[0m [32mINF[0m scan completed in 36.8ms
[90m4:17AM[0m [32mINF[0m no leaks found
[90m5:17AM[0m [32mINF[0m 1 commits scanned.
[90m5:17AM[0m [32mINF[0m scan completed in 36ms
[90m5:17AM[0m [32mINF[0m no leaks found
[90m6:17AM[0m [32mINF[0m 1 commits scanned.
[90m6:17AM[0m [32mINF[0m scan completed in 36ms
[90m6:17AM[0m [32mINF[0m no leaks found
[90m7:17AM[0m [32mINF[0m 1 commits scanned.
[90m7:17AM[0m [32mINF[0m scan completed in 36.9ms
[90m7:17AM[0m [32mINF[0m no leaks found
[90m8:17AM[0m [32mINF[0m 1 commits scanned.
[90m8:17AM[0m [32mINF[0m scan completed in 52.2ms
[90m8:17AM[0m [32mINF[0m no leaks found
[90m9:17AM[0m [32mINF[0m 1 commits scanned.
[90m9:17AM[0m [32mINF[0m scan completed in 41.3ms
[90m9:17AM[0m [32mINF[0m no leaks found
[90m10:17AM[0m [32mINF[0m 1 commits scanned.
[90m10:17AM[0m [32mINF[0m scan completed in 35.5ms
[90m10:17AM[0m [32mINF[0m no leaks found
[90m11:17AM[0m [32mINF[0m 1 commits scanned.
[90m11:17AM[0m [32mINF[0m scan completed in 43.5ms
[90m11:17AM[0m [32mINF[0m no leaks found
[90m12:17PM[0m [32mINF[0m 1 commits scanned.
[90m12:17PM[0m [32mINF[0m scan completed in 35.1ms
[90m12:17PM[0m [32mINF[0m no leaks found
[90m1:17PM[0m [32mINF[0m 1 commits scanned.
[90m1:17PM[0m [32mINF[0m scan completed in 42.4ms
[90m1:17PM[0m [32mINF[0m no leaks found
[90m2:17PM[0m [32mINF[0m 1 commits scanned.
[90m2:17PM[0m [32mINF[0m scan completed in 39.1ms
[90m2:17PM[0m [32mINF[0m no leaks found
[90m3:17PM[0m [32mINF[0m 1 commits scanned.
[90m3:17PM[0m [32mINF[0m scan completed in 60.6ms
[90m3:17PM[0m [32mINF[0m no leaks found
[90m4:17PM[0m [32mINF[0m 1 commits scanned.
[90m4:17PM[0m [32mINF[0m scan completed in 35.9ms
[90m4:17PM[0m [32mINF[0m no leaks found
[90m5:17PM[0m [32mINF[0m 1 commits scanned.
[90m5:17PM[0m [32mINF[0m scan completed in 53.7ms
[90m5:17PM[0m [32mINF[0m no leaks found
[90m6:17PM[0m [32mINF[0m 1 commits scanned.
[90m6:17PM[0m [32mINF[0m scan completed in 66.9ms
[90m6:17PM[0m [32mINF[0m no leaks found
[90m7:17PM[0m [32mINF[0m 1 commits scanned.
[90m7:17PM[0m [32mINF[0m scan completed in 85.4ms
[90m7:17PM[0m [31mWRN[0m leaks found: 1

pre-commit: 1 suspicious finding(s) in staged changes — commit BLOCKED.
            Fix the leak or use --no-verify (with a clear reason in your head).
[90m8:17PM[0m [32mINF[0m 1 commits scanned.
[90m8:17PM[0m [32mINF[0m scan completed in 87.6ms
[90m8:17PM[0m [31mWRN[0m leaks found: 1

pre-commit: 1 suspicious finding(s) in staged changes — commit BLOCKED.
            Fix the leak or use --no-verify (with a clear reason in your head).
[90m9:17PM[0m [32mINF[0m 1 commits scanned.
[90m9:17PM[0m [32mINF[0m scan completed in 107ms
[90m9:17PM[0m [31mWRN[0m leaks found: 1

pre-commit: 1 suspicious finding(s) in staged changes — commit BLOCKED.
            Fix the leak or use --no-verify (with a clear reason in your head).
[90m10:17PM[0m [32mINF[0m 1 commits scanned.
[90m10:17PM[0m [32mINF[0m scan completed in 119ms
[90m10:17PM[0m [31mWRN[0m leaks found: 1

pre-commit: 1 suspicious finding(s) in staged changes — commit BLOCKED.
            Fix the leak or use --no-verify (with a clear reason in your head).
[90m11:17PM[0m [32mINF[0m 1 commits scanned.
[90m11:17PM[0m [32mINF[0m scan completed in 91.4ms
[90m11:17PM[0m [31mWRN[0m leaks found: 1

pre-commit: 1 suspicious finding(s) in staged changes — commit BLOCKED.
            Fix the leak or use --no-verify (with a clear reason in your head).
[90m12:17AM[0m [32mINF[0m 1 commits scanned.
[90m12:17AM[0m [32mINF[0m scan completed in 78.9ms
[90m12:17AM[0m [31mWRN[0m leaks found: 1

pre-commit: 1 suspicious finding(s) in staged changes — commit BLOCKED.
            Fix the leak or use --no-verify (with a clear reason in your head).
[90m1:17AM[0m [32mINF[0m 1 commits scanned.
[90m1:17AM[0m [32mINF[0m scan completed in 78ms
[90m1:17AM[0m [31mWRN[0m leaks found: 1

pre-commit: 1 suspicious finding(s) in staged changes — commit BLOCKED.
            Fix the leak or use --no-verify (with a clear reason in your head).
[90m2:17AM[0m [32mINF[0m 1 commits scanned.
[90m2:17AM[0m [32mINF[0m scan completed in 79.3ms
[90m2:17AM[0m [31mWRN[0m leaks found: 1

pre-commit: 1 suspicious finding(s) in staged changes — commit BLOCKED.
            Fix the leak or use --no-verify (with a clear reason in your head).
[90m3:17AM[0m [32mINF[0m 1 commits scanned.
[90m3:17AM[0m [32mINF[0m scan completed in 82.4ms
[90m3:17AM[0m [31mWRN[0m leaks found: 1

pre-commit: 1 suspicious finding(s) in staged changes — commit BLOCKED.
            Fix the leak or use --no-verify (with a clear reason in your head).
[90m4:17AM[0m [32mINF[0m 1 commits scanned.
[90m4:17AM[0m [32mINF[0m scan completed in 84.2ms
[90m4:17AM[0m [31mWRN[0m leaks found: 1

pre-commit: 1 suspicious finding(s) in staged changes — commit BLOCKED.
            Fix the leak or use --no-verify (with a clear reason in your head).
[90m5:17AM[0m [32mINF[0m 1 commits scanned.
[90m5:17AM[0m [32mINF[0m scan completed in 94.7ms
[90m5:17AM[0m [31mWRN[0m leaks found: 1

pre-commit: 1 suspicious finding(s) in staged changes — commit BLOCKED.
            Fix the leak or use --no-verify (with a clear reason in your head).
[90m6:17AM[0m [32mINF[0m 1 commits scanned.
[90m6:17AM[0m [32mINF[0m scan completed in 81.5ms
[90m6:17AM[0m [31mWRN[0m leaks found: 1

pre-commit: 1 suspicious finding(s) in staged changes — commit BLOCKED.
            Fix the leak or use --no-verify (with a clear reason in your head).
[90m7:17AM[0m [32mINF[0m 1 commits scanned.
[90m7:17AM[0m [32mINF[0m scan completed in 87ms
[90m7:17AM[0m [31mWRN[0m leaks found: 1

pre-commit: 1 suspicious finding(s) in staged changes — commit BLOCKED.
            Fix the leak or use --no-verify (with a clear reason in your head).
[90m8:17AM[0m [32mINF[0m 1 commits scanned.
[90m8:17AM[0m [32mINF[0m scan completed in 79.6ms
[90m8:17AM[0m [31mWRN[0m leaks found: 1

pre-commit: 1 suspicious finding(s) in staged changes — commit BLOCKED.
            Fix the leak or use --no-verify (with a clear reason in your head).
[90m9:17AM[0m [32mINF[0m 1 commits scanned.
[90m9:17AM[0m [32mINF[0m scan completed in 84.1ms
[90m9:17AM[0m [31mWRN[0m leaks found: 1

pre-commit: 1 suspicious finding(s) in staged changes — commit BLOCKED.
            Fix the leak or use --no-verify (with a clear reason in your head).
[90m10:17AM[0m [32mINF[0m 1 commits scanned.
[90m10:17AM[0m [32mINF[0m scan completed in 116ms
[90m10:17AM[0m [31mWRN[0m leaks found: 1

pre-commit: 1 suspicious finding(s) in staged changes — commit BLOCKED.
            Fix the leak or use --no-verify (with a clear reason in your head).
[90m11:17AM[0m [32mINF[0m 1 commits scanned.
[90m11:17AM[0m [32mINF[0m scan completed in 85.7ms
[90m11:17AM[0m [31mWRN[0m leaks found: 1

pre-commit: 1 suspicious finding(s) in staged changes — commit BLOCKED.
            Fix the leak or use --no-verify (with a clear reason in your head).
[90m12:17PM[0m [32mINF[0m 1 commits scanned.
[90m12:17PM[0m [32mINF[0m scan completed in 84.8ms
[90m12:17PM[0m [31mWRN[0m leaks found: 1

pre-commit: 1 suspicious finding(s) in staged changes — commit BLOCKED.
            Fix the leak or use --no-verify (with a clear reason in your head).
[90m1:17PM[0m [32mINF[0m 1 commits scanned.
[90m1:17PM[0m [32mINF[0m scan completed in 75.1ms
[90m1:17PM[0m [31mWRN[0m leaks found: 1

pre-commit: 1 suspicious finding(s) in staged changes — commit BLOCKED.
            Fix the leak or use --no-verify (with a clear reason in your head).
[90m2:17PM[0m [32mINF[0m 1 commits scanned.
[90m2:17PM[0m [32mINF[0m scan completed in 80.4ms
[90m2:17PM[0m [31mWRN[0m leaks found: 1

pre-commit: 1 suspicious finding(s) in staged changes — commit BLOCKED.
            Fix the leak or use --no-verify (with a clear reason in your head).
[90m3:17PM[0m [32mINF[0m 1 commits scanned.
[90m3:17PM[0m [32mINF[0m scan completed in 85.5ms
[90m3:17PM[0m [31mWRN[0m leaks found: 1

pre-commit: 1 suspicious finding(s) in staged changes — commit BLOCKED.
            Fix the leak or use --no-verify (with a clear reason in your head).
[90m4:17PM[0m [32mINF[0m 1 commits scanned.
[90m4:17PM[0m [32mINF[0m scan completed in 78.9ms
[90m4:17PM[0m [31mWRN[0m leaks found: 1

pre-commit: 1 suspicious finding(s) in staged changes — commit BLOCKED.
            Fix the leak or use --no-verify (with a clear reason in your head).
[90m5:17PM[0m [32mINF[0m 1 commits scanned.
[90m5:17PM[0m [32mINF[0m scan completed in 76.6ms
[90m5:17PM[0m [31mWRN[0m leaks found: 1

pre-commit: 1 suspicious finding(s) in staged changes — commit BLOCKED.
            Fix the leak or use --no-verify (with a clear reason in your head).
[90m6:17PM[0m [32mINF[0m 1 commits scanned.
[90m6:17PM[0m [32mINF[0m scan completed in 84.6ms
[90m6:17PM[0m [31mWRN[0m leaks found: 1

pre-commit: 1 suspicious finding(s) in staged changes — commit BLOCKED.
            Fix the leak or use --no-verify (with a clear reason in your head).
[90m7:17PM[0m [32mINF[0m 1 commits scanned.
[90m7:17PM[0m [32mINF[0m scan completed in 83ms
[90m7:17PM[0m [31mWRN[0m leaks found: 2

pre-commit: 1 suspicious finding(s) in staged changes — commit BLOCKED.
            Fix the leak or use --no-verify (with a clear reason in your head).
[90m8:17PM[0m [32mINF[0m 1 commits scanned.
[90m8:17PM[0m [32mINF[0m scan completed in 150ms
[90m8:17PM[0m [31mWRN[0m leaks found: 2

pre-commit: 1 suspicious finding(s) in staged changes — commit BLOCKED.
            Fix the leak or use --no-verify (with a clear reason in your head).
[90m9:17PM[0m [32mINF[0m 1 commits scanned.
[90m9:17PM[0m [32mINF[0m scan completed in 81ms
[90m9:17PM[0m [31mWRN[0m leaks found: 2

pre-commit: 1 suspicious finding(s) in staged changes — commit BLOCKED.
            Fix the leak or use --no-verify (with a clear reason in your head).
[90m12:17AM[0m [32mINF[0m 0 commits scanned.
[90m12:17AM[0m [32mINF[0m scan completed in 54.5ms
[90m12:17AM[0m [32mINF[0m no leaks found
[90m1:17AM[0m [32mINF[0m 1 commits scanned.
[90m1:17AM[0m [32mINF[0m scan completed in 35.8ms
[90m1:17AM[0m [32mINF[0m no leaks found
[90m2:17AM[0m [32mINF[0m 1 commits scanned.
[90m2:17AM[0m [32mINF[0m scan completed in 45.6ms
[90m2:17AM[0m [32mINF[0m no leaks found
[90m3:17AM[0m [32mINF[0m 1 commits scanned.
[90m3:17AM[0m [32mINF[0m scan completed in 41.4ms
[90m3:17AM[0m [32mINF[0m no leaks found
[90m4:17AM[0m [32mINF[0m 1 commits scanned.
[90m4:17AM[0m [32mINF[0m scan completed in 38.9ms
[90m4:17AM[0m [32mINF[0m no leaks found
[90m5:17AM[0m [32mINF[0m 1 commits scanned.
[90m5:17AM[0m [32mINF[0m scan completed in 46.4ms
[90m5:17AM[0m [32mINF[0m no leaks found
[90m6:17AM[0m [32mINF[0m 1 commits scanned.
[90m6:17AM[0m [32mINF[0m scan completed in 75ms
[90m6:17AM[0m [32mINF[0m no leaks found
[90m7:17AM[0m [32mINF[0m 1 commits scanned.
[90m7:17AM[0m [32mINF[0m scan completed in 38.7ms
[90m7:17AM[0m [32mINF[0m no leaks found
[90m8:17AM[0m [32mINF[0m 1 commits scanned.
[90m8:17AM[0m [32mINF[0m scan completed in 41ms
[90m8:17AM[0m [32mINF[0m no leaks found
[90m9:17AM[0m [32mINF[0m 1 commits scanned.
[90m9:17AM[0m [32mINF[0m scan completed in 34.3ms
[90m9:17AM[0m [32mINF[0m no leaks found
[90m10:17AM[0m [32mINF[0m 1 commits scanned.
[90m10:17AM[0m [32mINF[0m scan completed in 68.8ms
[90m10:17AM[0m [32mINF[0m no leaks found
[90m11:17AM[0m [32mINF[0m 1 commits scanned.
[90m11:17AM[0m [32mINF[0m scan completed in 38.2ms
[90m11:17AM[0m [32mINF[0m no leaks found
[90m12:17PM[0m [32mINF[0m 1 commits scanned.
[90m12:17PM[0m [32mINF[0m scan completed in 40ms
[90m12:17PM[0m [32mINF[0m no leaks found
[90m1:17PM[0m [32mINF[0m 1 commits scanned.
[90m1:17PM[0m [32mINF[0m scan completed in 44.2ms
[90m1:17PM[0m [32mINF[0m no leaks found
[90m2:17PM[0m [32mINF[0m 1 commits scanned.
[90m2:17PM[0m [32mINF[0m scan completed in 35.3ms
[90m2:17PM[0m [32mINF[0m no leaks found
[90m3:17PM[0m [32mINF[0m 1 commits scanned.
[90m3:17PM[0m [32mINF[0m scan completed in 41.2ms
[90m3:17PM[0m [32mINF[0m no leaks found
[90m4:17PM[0m [32mINF[0m 1 commits scanned.
[90m4:17PM[0m [32mINF[0m scan completed in 37.4ms
[90m4:17PM[0m [32mINF[0m no leaks found
[90m5:17PM[0m [32mINF[0m 1 commits scanned.
[90m5:17PM[0m [32mINF[0m scan completed in 62.8ms
[90m5:17PM[0m [32mINF[0m no leaks found
[90m6:17PM[0m [32mINF[0m 1 commits scanned.
[90m6:17PM[0m [32mINF[0m scan completed in 37.7ms
[90m6:17PM[0m [32mINF[0m no leaks found
[90m7:17PM[0m [32mINF[0m 1 commits scanned.
[90m7:17PM[0m [32mINF[0m scan completed in 90.5ms
[90m7:17PM[0m [32mINF[0m no leaks found
[90m8:17PM[0m [32mINF[0m 1 commits scanned.
[90m8:17PM[0m [32mINF[0m scan completed in 35.6ms
[90m8:17PM[0m [32mINF[0m no leaks found
[90m9:17PM[0m [32mINF[0m 1 commits scanned.
[90m9:17PM[0m [32mINF[0m scan completed in 38.6ms
[90m9:17PM[0m [32mINF[0m no leaks found
[90m10:17PM[0m [32mINF[0m 1 commits scanned.
[90m10:17PM[0m [32mINF[0m scan completed in 34.9ms
[90m10:17PM[0m [32mINF[0m no leaks found
[90m11:17PM[0m [32mINF[0m 1 commits scanned.
[90m11:17PM[0m [32mINF[0m scan completed in 35.3ms
[90m11:17PM[0m [32mINF[0m no leaks found
[90m12:17AM[0m [32mINF[0m 1 commits scanned.
[90m12:17AM[0m [32mINF[0m scan completed in 40.5ms
[90m12:17AM[0m [32mINF[0m no leaks found
[90m1:17AM[0m [32mINF[0m 1 commits scanned.
[90m1:17AM[0m [32mINF[0m scan completed in 46.1ms
[90m1:17AM[0m [32mINF[0m no leaks found
[90m2:17AM[0m [32mINF[0m 1 commits scanned.
[90m2:17AM[0m [32mINF[0m scan completed in 45.7ms
[90m2:17AM[0m [32mINF[0m no leaks found
[90m3:17AM[0m [32mINF[0m 1 commits scanned.
[90m3:17AM[0m [32mINF[0m scan completed in 46.7ms
[90m3:17AM[0m [32mINF[0m no leaks found
[90m4:17AM[0m [32mINF[0m 1 commits scanned.
[90m4:17AM[0m [32mINF[0m scan completed in 36ms
[90m4:17AM[0m [32mINF[0m no leaks found
[90m5:17AM[0m [32mINF[0m 1 commits scanned.
[90m5:17AM[0m [32mINF[0m scan completed in 35ms
[90m5:17AM[0m [32mINF[0m no leaks found
[90m6:17AM[0m [32mINF[0m 1 commits scanned.
[90m6:17AM[0m [32mINF[0m scan completed in 34.2ms
[90m6:17AM[0m [32mINF[0m no leaks found
[90m7:17AM[0m [32mINF[0m 1 commits scanned.
[90m7:17AM[0m [32mINF[0m scan completed in 60.1ms
[90m7:17AM[0m [32mINF[0m no leaks found
[90m8:17AM[0m [32mINF[0m 1 commits scanned.
[90m8:17AM[0m [32mINF[0m scan completed in 36.1ms
[90m8:17AM[0m [32mINF[0m no leaks found
[90m9:17AM[0m [32mINF[0m 1 commits scanned.
[90m9:17AM[0m [32mINF[0m scan completed in 35.3ms
[90m9:17AM[0m [32mINF[0m no leaks found
[90m10:17AM[0m [32mINF[0m 1 commits scanned.
[90m10:17AM[0m [32mINF[0m scan completed in 40.2ms
[90m10:17AM[0m [32mINF[0m no leaks found
[90m11:17AM[0m [32mINF[0m 1 commits scanned.
[90m11:17AM[0m [32mINF[0m scan completed in 34.2ms
[90m11:17AM[0m [32mINF[0m no leaks found
[90m12:17PM[0m [32mINF[0m 1 commits scanned.
[90m12:17PM[0m [32mINF[0m scan completed in 37.3ms
[90m12:17PM[0m [32mINF[0m no leaks found
[90m1:17PM[0m [32mINF[0m 1 commits scanned.
[90m1:17PM[0m [32mINF[0m scan completed in 35.3ms
[90m1:17PM[0m [32mINF[0m no leaks found
[90m2:17PM[0m [32mINF[0m 1 commits scanned.
[90m2:17PM[0m [32mINF[0m scan completed in 34.5ms
[90m2:17PM[0m [32mINF[0m no leaks found
[90m3:17PM[0m [32mINF[0m 1 commits scanned.
[90m3:17PM[0m [32mINF[0m scan completed in 34.2ms
[90m3:17PM[0m [32mINF[0m no leaks found
[90m4:17PM[0m [32mINF[0m 1 commits scanned.
[90m4:17PM[0m [32mINF[0m scan completed in 36ms
[90m4:17PM[0m [32mINF[0m no leaks found
[90m5:17PM[0m [32mINF[0m 1 commits scanned.
[90m5:17PM[0m [32mINF[0m scan completed in 36.4ms
[90m5:17PM[0m [32mINF[0m no leaks found
[90m6:17PM[0m [32mINF[0m 1 commits scanned.
[90m6:17PM[0m [32mINF[0m scan completed in 61.8ms
[90m6:17PM[0m [32mINF[0m no leaks found
[90m7:17PM[0m [32mINF[0m 1 commits scanned.
[90m7:17PM[0m [32mINF[0m scan completed in 35.7ms
[90m7:17PM[0m [32mINF[0m no leaks found
[90m8:17PM[0m [32mINF[0m 1 commits scanned.
[90m8:17PM[0m [32mINF[0m scan completed in 43.7ms
[90m8:17PM[0m [32mINF[0m no leaks found
[90m9:17PM[0m [32mINF[0m 1 commits scanned.
[90m9:17PM[0m [32mINF[0m scan completed in 59.1ms
[90m9:17PM[0m [32mINF[0m no leaks found
[90m12:17AM[0m [32mINF[0m 0 commits scanned.
[90m12:17AM[0m [32mINF[0m scan completed in 45.2ms
[90m12:17AM[0m [32mINF[0m no leaks found
[90m1:17AM[0m [32mINF[0m 1 commits scanned.
[90m1:17AM[0m [32mINF[0m scan completed in 38.5ms
[90m1:17AM[0m [32mINF[0m no leaks found
[90m2:17AM[0m [32mINF[0m 1 commits scanned.
[90m2:17AM[0m [32mINF[0m scan completed in 37.1ms
[90m2:17AM[0m [32mINF[0m no leaks found
[90m3:17AM[0m [32mINF[0m 1 commits scanned.
[90m3:17AM[0m [32mINF[0m scan completed in 36.5ms
[90m3:17AM[0m [32mINF[0m no leaks found
[90m4:17AM[0m [32mINF[0m 1 commits scanned.
[90m4:17AM[0m [32mINF[0m scan completed in 36.5ms
[90m4:17AM[0m [32mINF[0m no leaks found
[90m5:17AM[0m [32mINF[0m 1 commits scanned.
[90m5:17AM[0m [32mINF[0m scan completed in 37.9ms
[90m5:17AM[0m [32mINF[0m no leaks found
[90m6:17AM[0m [32mINF[0m 1 commits scanned.
[90m6:17AM[0m [32mINF[0m scan completed in 44ms
[90m6:17AM[0m [32mINF[0m no leaks found
[90m7:17AM[0m [32mINF[0m 1 commits scanned.
[90m7:17AM[0m [32mINF[0m scan completed in 38.7ms
[90m7:17AM[0m [32mINF[0m no leaks found
[90m8:17AM[0m [32mINF[0m 1 commits scanned.
[90m8:17AM[0m [32mINF[0m scan completed in 35.9ms
[90m8:17AM[0m [32mINF[0m no leaks found
[90m9:17AM[0m [32mINF[0m 1 commits scanned.
[90m9:17AM[0m [32mINF[0m scan completed in 43ms
[90m9:17AM[0m [32mINF[0m no leaks found
[90m10:17AM[0m [32mINF[0m 1 commits scanned.
[90m10:17AM[0m [32mINF[0m scan completed in 38.6ms
[90m10:17AM[0m [32mINF[0m no leaks found
[90m11:17AM[0m [32mINF[0m 1 commits scanned.
[90m11:17AM[0m [32mINF[0m scan completed in 35.1ms
[90m11:17AM[0m [32mINF[0m no leaks found
[90m12:17PM[0m [32mINF[0m 1 commits scanned.
[90m12:17PM[0m [32mINF[0m scan completed in 35.1ms
[90m12:17PM[0m [32mINF[0m no leaks found
[90m1:17PM[0m [32mINF[0m 1 commits scanned.
[90m1:17PM[0m [32mINF[0m scan completed in 47.2ms
[90m1:17PM[0m [32mINF[0m no leaks found
[90m2:17PM[0m [32mINF[0m 1 commits scanned.
[90m2:17PM[0m [32mINF[0m scan completed in 36.9ms
[90m2:17PM[0m [32mINF[0m no leaks found
[90m3:17PM[0m [32mINF[0m 1 commits scanned.
[90m3:17PM[0m [32mINF[0m scan completed in 48ms
[90m3:17PM[0m [32mINF[0m no leaks found
[90m4:17PM[0m [32mINF[0m 1 commits scanned.
[90m4:17PM[0m [32mINF[0m scan completed in 48.4ms
[90m4:17PM[0m [32mINF[0m no leaks found
[90m5:17PM[0m [32mINF[0m 1 commits scanned.
[90m5:17PM[0m [32mINF[0m scan completed in 36.7ms
[90m5:17PM[0m [32mINF[0m no leaks found
[90m6:17PM[0m [32mINF[0m 1 commits scanned.
[90m6:17PM[0m [32mINF[0m scan completed in 37.1ms
[90m6:17PM[0m [32mINF[0m no leaks found
[90m7:17PM[0m [32mINF[0m 1 commits scanned.
[90m7:17PM[0m [32mINF[0m scan completed in 69.6ms
[90m7:17PM[0m [32mINF[0m no leaks found
[90m8:17PM[0m [32mINF[0m 1 commits scanned.
[90m8:17PM[0m [32mINF[0m scan completed in 42.9ms
[90m8:17PM[0m [32mINF[0m no leaks found
[90m9:17PM[0m [32mINF[0m 1 commits scanned.
[90m9:17PM[0m [32mINF[0m scan completed in 75.7ms
[90m9:17PM[0m [32mINF[0m no leaks found
